[2025-05-18 04:18:53Z INFO HostContext] No proxy settings were found based on environmental variables (http_proxy/https_proxy/HTTP_PROXY/HTTPS_PROXY)
[2025-05-18 04:18:53Z INFO HostContext] Well known directory 'Bin': '/home/ms/k8s-docker-autodeploy-github/actions-runner/bin'
[2025-05-18 04:18:53Z INFO HostContext] Well known directory 'Root': '/home/ms/k8s-docker-autodeploy-github/actions-runner'
[2025-05-18 04:18:53Z INFO HostContext] Well known config file 'Credentials': '/home/ms/k8s-docker-autodeploy-github/actions-runner/.credentials'
[2025-05-18 04:18:54Z INFO HostContext] Well known directory 'Bin': '/home/ms/k8s-docker-autodeploy-github/actions-runner/bin'
[2025-05-18 04:18:54Z INFO HostContext] Well known directory 'Root': '/home/ms/k8s-docker-autodeploy-github/actions-runner'
[2025-05-18 04:18:54Z INFO HostContext] Well known config file 'Runner': '/home/ms/k8s-docker-autodeploy-github/actions-runner/.runner'
[2025-05-18 04:18:54Z INFO Listener] Runner is built for Linux (Arm64) - linux-arm64.
[2025-05-18 04:18:54Z INFO Listener] RuntimeInformation: Ubuntu 24.04.2 LTS.
[2025-05-18 04:18:54Z INFO Listener] Version: 2.323.0
[2025-05-18 04:18:54Z INFO Listener] Commit: d8b82f44a9ec0258904d5869ae683c31d5aac299
[2025-05-18 04:18:54Z INFO Listener] Culture: en-US
[2025-05-18 04:18:54Z INFO Listener] UI Culture: en-US
[2025-05-18 04:18:54Z INFO HostContext] Well known directory 'Bin': '/home/ms/k8s-docker-autodeploy-github/actions-runner/bin'
[2025-05-18 04:18:54Z INFO HostContext] Well known directory 'Root': '/home/ms/k8s-docker-autodeploy-github/actions-runner'
[2025-05-18 04:18:54Z INFO Listener] Validating directory permissions for: '/home/ms/k8s-docker-autodeploy-github/actions-runner'
[2025-05-18 04:18:54Z INFO CommandLineParser] Parse
[2025-05-18 04:18:54Z INFO CommandLineParser] Parsing 1 args
[2025-05-18 04:18:54Z INFO CommandLineParser] parsing argument
[2025-05-18 04:18:54Z INFO CommandLineParser] HasArgs: False
[2025-05-18 04:18:54Z INFO CommandLineParser] Adding Command: run
[2025-05-18 04:18:54Z INFO Listener] Arguments parsed
[2025-05-18 04:18:54Z INFO Runner] ExecuteCommand
[2025-05-18 04:18:54Z INFO ConfigurationStore] currentAssemblyLocation: /home/ms/k8s-docker-autodeploy-github/actions-runner/bin/Runner.Listener.dll
[2025-05-18 04:18:54Z INFO HostContext] Well known directory 'Bin': '/home/ms/k8s-docker-autodeploy-github/actions-runner/bin'
[2025-05-18 04:18:54Z INFO ConfigurationStore] binPath: /home/ms/k8s-docker-autodeploy-github/actions-runner/bin
[2025-05-18 04:18:54Z INFO HostContext] Well known directory 'Bin': '/home/ms/k8s-docker-autodeploy-github/actions-runner/bin'
[2025-05-18 04:18:54Z INFO HostContext] Well known directory 'Root': '/home/ms/k8s-docker-autodeploy-github/actions-runner'
[2025-05-18 04:18:54Z INFO ConfigurationStore] RootFolder: /home/ms/k8s-docker-autodeploy-github/actions-runner
[2025-05-18 04:18:54Z INFO HostContext] Well known directory 'Bin': '/home/ms/k8s-docker-autodeploy-github/actions-runner/bin'
[2025-05-18 04:18:54Z INFO HostContext] Well known directory 'Root': '/home/ms/k8s-docker-autodeploy-github/actions-runner'
[2025-05-18 04:18:54Z INFO HostContext] Well known config file 'Runner': '/home/ms/k8s-docker-autodeploy-github/actions-runner/.runner'
[2025-05-18 04:18:54Z INFO ConfigurationStore] ConfigFilePath: /home/ms/k8s-docker-autodeploy-github/actions-runner/.runner
[2025-05-18 04:18:54Z INFO HostContext] Well known directory 'Bin': '/home/ms/k8s-docker-autodeploy-github/actions-runner/bin'
[2025-05-18 04:18:54Z INFO HostContext] Well known directory 'Root': '/home/ms/k8s-docker-autodeploy-github/actions-runner'
[2025-05-18 04:18:54Z INFO HostContext] Well known config file 'MigratedRunner': '/home/ms/k8s-docker-autodeploy-github/actions-runner/.runner_migrated'
[2025-05-18 04:18:54Z INFO ConfigurationStore] MigratedConfigFilePath: /home/ms/k8s-docker-autodeploy-github/actions-runner/.runner_migrated
[2025-05-18 04:18:54Z INFO HostContext] Well known directory 'Bin': '/home/ms/k8s-docker-autodeploy-github/actions-runner/bin'
[2025-05-18 04:18:54Z INFO HostContext] Well known directory 'Root': '/home/ms/k8s-docker-autodeploy-github/actions-runner'
[2025-05-18 04:18:54Z INFO HostContext] Well known config file 'Credentials': '/home/ms/k8s-docker-autodeploy-github/actions-runner/.credentials'
[2025-05-18 04:18:54Z INFO ConfigurationStore] CredFilePath: /home/ms/k8s-docker-autodeploy-github/actions-runner/.credentials
[2025-05-18 04:18:54Z INFO HostContext] Well known directory 'Bin': '/home/ms/k8s-docker-autodeploy-github/actions-runner/bin'
[2025-05-18 04:18:54Z INFO HostContext] Well known directory 'Root': '/home/ms/k8s-docker-autodeploy-github/actions-runner'
[2025-05-18 04:18:54Z INFO HostContext] Well known config file 'MigratedCredentials': '/home/ms/k8s-docker-autodeploy-github/actions-runner/.credentials_migrated'
[2025-05-18 04:18:54Z INFO ConfigurationStore] MigratedCredFilePath: /home/ms/k8s-docker-autodeploy-github/actions-runner/.credentials_migrated
[2025-05-18 04:18:54Z INFO HostContext] Well known directory 'Bin': '/home/ms/k8s-docker-autodeploy-github/actions-runner/bin'
[2025-05-18 04:18:54Z INFO HostContext] Well known directory 'Root': '/home/ms/k8s-docker-autodeploy-github/actions-runner'
[2025-05-18 04:18:54Z INFO HostContext] Well known config file 'Service': '/home/ms/k8s-docker-autodeploy-github/actions-runner/.service'
[2025-05-18 04:18:54Z INFO ConfigurationStore] ServiceConfigFilePath: /home/ms/k8s-docker-autodeploy-github/actions-runner/.service
[2025-05-18 04:18:54Z INFO CommandSettings] Flag 'help': 'False'
[2025-05-18 04:18:54Z INFO CommandSettings] Flag 'version': 'False'
[2025-05-18 04:18:54Z INFO CommandSettings] Flag 'commit': 'False'
[2025-05-18 04:18:54Z INFO CommandSettings] Flag 'check': 'False'
[2025-05-18 04:18:54Z INFO CommandSettings] Command 'configure': 'False'
[2025-05-18 04:18:54Z INFO CommandSettings] Command 'remove': 'False'
[2025-05-18 04:18:54Z INFO CommandSettings] Command 'warmup': 'False'
[2025-05-18 04:18:54Z INFO ConfigurationManager] LoadSettings
[2025-05-18 04:18:54Z INFO ConfigurationStore] IsConfigured()
[2025-05-18 04:18:54Z INFO ConfigurationStore] IsConfigured: True
[2025-05-18 04:18:54Z INFO ConfigurationManager] Is configured: True
[2025-05-18 04:18:54Z INFO ConfigurationStore] Read setting file: 318 chars
[2025-05-18 04:18:54Z INFO ConfigurationManager] Settings Loaded
[2025-05-18 04:18:54Z INFO ConfigurationStore] IsServiceConfigured()
[2025-05-18 04:18:54Z INFO ConfigurationStore] IsServiceConfigured: False
[2025-05-18 04:18:54Z INFO CommandSettings] Command 'run': 'True'
[2025-05-18 04:18:54Z INFO ConfigurationStore] IsConfigured()
[2025-05-18 04:18:54Z INFO ConfigurationStore] IsConfigured: True
[2025-05-18 04:18:54Z INFO ConfigurationManager] Is configured: True
[2025-05-18 04:18:54Z INFO Runner] Could not parse the argument value '' for StartupType. Defaulting to Manual
[2025-05-18 04:18:54Z INFO Runner] Set runner startup type - Manual
[2025-05-18 04:18:54Z INFO CommandSettings] Flag 'once': 'False'
[2025-05-18 04:18:54Z INFO CommandSettings] Flag 'once': 'False'
[2025-05-18 04:18:54Z INFO Runner] RunAsync
[2025-05-18 04:18:54Z INFO ConfigurationManager] LoadSettings
[2025-05-18 04:18:54Z INFO ConfigurationStore] IsConfigured()
[2025-05-18 04:18:54Z INFO ConfigurationStore] IsConfigured: True
[2025-05-18 04:18:54Z INFO ConfigurationManager] Is configured: True
[2025-05-18 04:18:54Z INFO ConfigurationManager] Settings Loaded
[2025-05-18 04:18:54Z INFO MessageListener] {
  "AgentId": 2,
  "AgentName": "ccsserver",
  "PoolId": 1,
  "PoolName": "Default",
  "ServerUrl": "https://pipelinesghubeus7.actions.githubusercontent.com/sgvP9QNc0GCh3sCH5WhBxsao5ILLusw15NiqkWtId3MWd7Pnei/",
  "GitHubUrl": "https://github.com/escanor-source/k8s-docker-autodeploy-github",
  "WorkFolder": "_work"
}
[2025-05-18 04:18:54Z INFO MessageListener] Loading Credentials
[2025-05-18 04:18:54Z INFO ConfigurationStore] HasCredentials()
[2025-05-18 04:18:54Z INFO ConfigurationStore] stored True
[2025-05-18 04:18:54Z INFO CredentialManager] GetCredentialProvider
[2025-05-18 04:18:54Z INFO CredentialManager] Creating type OAuth
[2025-05-18 04:18:54Z INFO CredentialManager] Creating credential type: OAuth
[2025-05-18 04:18:54Z INFO HostContext] Well known directory 'Bin': '/home/ms/k8s-docker-autodeploy-github/actions-runner/bin'
[2025-05-18 04:18:54Z INFO HostContext] Well known directory 'Root': '/home/ms/k8s-docker-autodeploy-github/actions-runner'
[2025-05-18 04:18:54Z INFO HostContext] Well known config file 'RSACredentials': '/home/ms/k8s-docker-autodeploy-github/actions-runner/.credentials_rsaparams'
[2025-05-18 04:18:54Z INFO RSAFileKeyManager] Loading RSA key parameters from file /home/ms/k8s-docker-autodeploy-github/actions-runner/.credentials_rsaparams
[2025-05-18 04:18:54Z INFO MessageListener] Attempt to create session.
[2025-05-18 04:18:54Z INFO MessageListener] Connecting to the Runner Server...
[2025-05-18 04:18:54Z INFO RunnerServer] EstablishVssConnection
[2025-05-18 04:18:54Z INFO RunnerServer] Establish connection with 100 seconds timeout.
[2025-05-18 04:18:54Z INFO GitHubActionsService] Starting operation Location.GetConnectionData
[2025-05-18 04:18:54Z INFO RunnerServer] EstablishVssConnection
[2025-05-18 04:18:54Z INFO RunnerServer] Establish connection with 60 seconds timeout.
[2025-05-18 04:18:54Z INFO GitHubActionsService] Starting operation Location.GetConnectionData
[2025-05-18 04:18:54Z INFO RunnerServer] EstablishVssConnection
[2025-05-18 04:18:54Z INFO RunnerServer] Establish connection with 60 seconds timeout.
[2025-05-18 04:18:54Z INFO GitHubActionsService] Starting operation Location.GetConnectionData
[2025-05-18 04:18:54Z INFO GitHubActionsService] Finished operation Location.GetConnectionData
[2025-05-18 04:18:54Z INFO GitHubActionsService] Finished operation Location.GetConnectionData
[2025-05-18 04:18:55Z INFO GitHubActionsService] Finished operation Location.GetConnectionData
[2025-05-18 04:18:56Z INFO MessageListener] VssConnection created
[2025-05-18 04:18:56Z INFO Terminal] WRITE LINE: 
[2025-05-18 04:18:56Z INFO Terminal] WRITE LINE: 
[2025-05-18 04:18:56Z INFO RSAFileKeyManager] Loading RSA key parameters from file /home/ms/k8s-docker-autodeploy-github/actions-runner/.credentials_rsaparams
[2025-05-18 04:18:56Z INFO RSAFileKeyManager] Loading RSA key parameters from file /home/ms/k8s-docker-autodeploy-github/actions-runner/.credentials_rsaparams
[2025-05-18 04:18:56Z INFO GitHubActionsService] AAD Correlation ID for this token request: Unknown
[2025-05-18 04:18:56Z INFO MessageListener] Session created.
[2025-05-18 04:18:56Z INFO Terminal] WRITE LINE: Current runner version: '2.323.0'
[2025-05-18 04:18:56Z INFO Terminal] WRITE LINE: 2025-05-18 04:18:56Z: Listening for Jobs
[2025-05-18 04:18:56Z INFO JobDispatcher] Set runner/worker IPC timeout to 30 seconds.
[2025-05-18 04:18:57Z INFO RSAFileKeyManager] Loading RSA key parameters from file /home/ms/k8s-docker-autodeploy-github/actions-runner/.credentials_rsaparams
[2025-05-18 04:18:57Z INFO GitHubActionsService] AAD Correlation ID for this token request: Unknown
[2025-05-18 04:19:31Z INFO MessageListener] Message '0' received from session '42e50d62-4150-46eb-b9a1-e8b17c6f908d'.
[2025-05-18 04:19:31Z INFO Runner] Refresh message received, kick-off selfupdate background process.
[2025-05-18 04:19:31Z INFO SelfUpdater] Version '2.324.0' of 'agent' package available in server.
[2025-05-18 04:19:31Z INFO SelfUpdater] Current running runner version is 2.323.0
[2025-05-18 04:19:31Z INFO SelfUpdater] An update is available.
[2025-05-18 04:19:31Z INFO Terminal] WRITE LINE: Runner update in progress, do not shutdown runner.
[2025-05-18 04:19:31Z INFO SelfUpdater] RunnerPlatform: linux-arm64
[2025-05-18 04:19:31Z INFO Terminal] WRITE LINE: Downloading 2.324.0 runner
[2025-05-18 04:19:31Z INFO HostContext] Well known directory 'Bin': '/home/ms/k8s-docker-autodeploy-github/actions-runner/bin'
[2025-05-18 04:19:31Z INFO HostContext] Well known directory 'Root': '/home/ms/k8s-docker-autodeploy-github/actions-runner'
[2025-05-18 04:19:31Z INFO HostContext] Well known directory 'Work': '/home/ms/k8s-docker-autodeploy-github/actions-runner/_work'
[2025-05-18 04:19:31Z INFO SelfUpdater] Attempt 1: save latest runner into /home/ms/k8s-docker-autodeploy-github/actions-runner/_work/_update/runner1.tar.gz.
[2025-05-18 04:19:31Z INFO SelfUpdater] Download runner: begin download
[2025-05-18 04:19:31Z INFO SelfUpdater] Downloading https://github.com/actions/runner/releases/download/v2.324.0/actions-runner-linux-arm64-2.324.0.tar.gz
[2025-05-18 04:19:46Z INFO SelfUpdater] Download runner: finished download
[2025-05-18 04:19:46Z INFO SelfUpdater] Validated Runner Hash matches /home/ms/k8s-docker-autodeploy-github/actions-runner/_work/_update/runner1.tar.gz : b5a5cf1138064afd0f0fb1a4a493adaa9bff5485ace3575e99547f004dbb20fa
[2025-05-18 04:19:46Z INFO SelfUpdater] Which2: 'tar'
[2025-05-18 04:19:46Z INFO SelfUpdater] Location: '/usr/bin/tar'
[2025-05-18 04:19:46Z INFO ProcessInvokerWrapper] Starting process:
[2025-05-18 04:19:46Z INFO ProcessInvokerWrapper]   File name: '/usr/bin/tar'
[2025-05-18 04:19:46Z INFO ProcessInvokerWrapper]   Arguments: '-xzf "/home/ms/k8s-docker-autodeploy-github/actions-runner/_work/_update/runner1.tar.gz"'
[2025-05-18 04:19:46Z INFO ProcessInvokerWrapper]   Working directory: '/home/ms/k8s-docker-autodeploy-github/actions-runner/_work/_update'
[2025-05-18 04:19:46Z INFO ProcessInvokerWrapper]   Require exit code zero: 'False'
[2025-05-18 04:19:46Z INFO ProcessInvokerWrapper]   Encoding web name:  ; code page: ''
[2025-05-18 04:19:46Z INFO ProcessInvokerWrapper]   Force kill process on cancellation: 'False'
[2025-05-18 04:19:46Z INFO ProcessInvokerWrapper]   Redirected STDIN: 'False'
[2025-05-18 04:19:46Z INFO ProcessInvokerWrapper]   Persist current code page: 'False'
[2025-05-18 04:19:46Z INFO ProcessInvokerWrapper]   Keep redirected STDIN open: 'False'
[2025-05-18 04:19:46Z INFO ProcessInvokerWrapper]   High priority process: 'False'
[2025-05-18 04:19:46Z INFO ProcessInvokerWrapper] Updated oom_score_adj to 500 for PID: 4185.
[2025-05-18 04:19:46Z INFO ProcessInvokerWrapper] Process started with process id 4185, waiting for process exit.
[2025-05-18 04:19:47Z INFO ProcessInvokerWrapper] STDOUT/STDERR stream read finished.
[2025-05-18 04:19:47Z INFO ProcessInvokerWrapper] STDOUT/STDERR stream read finished.
[2025-05-18 04:19:47Z INFO ProcessInvokerWrapper] Finished process 4185 with exit code 0, and elapsed time 00:00:01.3776399.
[2025-05-18 04:19:47Z INFO SelfUpdater] Finished getting latest runner package at: /home/ms/k8s-docker-autodeploy-github/actions-runner/_work/_update.
[2025-05-18 04:19:47Z INFO HostContext] Well known directory 'Bin': '/home/ms/k8s-docker-autodeploy-github/actions-runner/bin'
[2025-05-18 04:19:47Z INFO HostContext] Well known directory 'Root': '/home/ms/k8s-docker-autodeploy-github/actions-runner'
[2025-05-18 04:19:47Z INFO SelfUpdater] Copy /home/ms/k8s-docker-autodeploy-github/actions-runner/_work/_update/bin to /home/ms/k8s-docker-autodeploy-github/actions-runner/bin.2.324.0.
[2025-05-18 04:19:47Z INFO HostContext] Well known directory 'Bin': '/home/ms/k8s-docker-autodeploy-github/actions-runner/bin'
[2025-05-18 04:19:47Z INFO HostContext] Well known directory 'Root': '/home/ms/k8s-docker-autodeploy-github/actions-runner'
[2025-05-18 04:19:47Z INFO SelfUpdater] Copy /home/ms/k8s-docker-autodeploy-github/actions-runner/_work/_update/externals to /home/ms/k8s-docker-autodeploy-github/actions-runner/externals.2.324.0.
[2025-05-18 04:19:48Z INFO SelfUpdater] Copy any remaining .sh/.cmd files into runner root.
[2025-05-18 04:19:48Z INFO HostContext] Well known directory 'Bin': '/home/ms/k8s-docker-autodeploy-github/actions-runner/bin'
[2025-05-18 04:19:48Z INFO HostContext] Well known directory 'Root': '/home/ms/k8s-docker-autodeploy-github/actions-runner'
[2025-05-18 04:19:48Z INFO SelfUpdater] Copy /home/ms/k8s-docker-autodeploy-github/actions-runner/_work/_update/run-helper.sh.template to /home/ms/k8s-docker-autodeploy-github/actions-runner/run-helper.sh.template
[2025-05-18 04:19:48Z INFO HostContext] Well known directory 'Bin': '/home/ms/k8s-docker-autodeploy-github/actions-runner/bin'
[2025-05-18 04:19:48Z INFO HostContext] Well known directory 'Root': '/home/ms/k8s-docker-autodeploy-github/actions-runner'
[2025-05-18 04:19:48Z INFO SelfUpdater] Copy /home/ms/k8s-docker-autodeploy-github/actions-runner/_work/_update/run-helper.cmd.template to /home/ms/k8s-docker-autodeploy-github/actions-runner/run-helper.cmd.template
[2025-05-18 04:19:48Z INFO HostContext] Well known directory 'Bin': '/home/ms/k8s-docker-autodeploy-github/actions-runner/bin'
[2025-05-18 04:19:48Z INFO HostContext] Well known directory 'Root': '/home/ms/k8s-docker-autodeploy-github/actions-runner'
[2025-05-18 04:19:48Z INFO SelfUpdater] Copy /home/ms/k8s-docker-autodeploy-github/actions-runner/_work/_update/config.sh to /home/ms/k8s-docker-autodeploy-github/actions-runner/config.sh
[2025-05-18 04:19:48Z INFO HostContext] Well known directory 'Bin': '/home/ms/k8s-docker-autodeploy-github/actions-runner/bin'
[2025-05-18 04:19:48Z INFO HostContext] Well known directory 'Root': '/home/ms/k8s-docker-autodeploy-github/actions-runner'
[2025-05-18 04:19:48Z INFO SelfUpdater] Copy /home/ms/k8s-docker-autodeploy-github/actions-runner/_work/_update/env.sh to /home/ms/k8s-docker-autodeploy-github/actions-runner/env.sh
[2025-05-18 04:19:48Z INFO HostContext] Well known directory 'Bin': '/home/ms/k8s-docker-autodeploy-github/actions-runner/bin'
[2025-05-18 04:19:48Z INFO HostContext] Well known directory 'Root': '/home/ms/k8s-docker-autodeploy-github/actions-runner'
[2025-05-18 04:19:48Z INFO SelfUpdater] Copy /home/ms/k8s-docker-autodeploy-github/actions-runner/_work/_update/run.sh to /home/ms/k8s-docker-autodeploy-github/actions-runner/run.sh
[2025-05-18 04:19:48Z INFO HostContext] Well known directory 'Bin': '/home/ms/k8s-docker-autodeploy-github/actions-runner/bin'
[2025-05-18 04:19:48Z INFO HostContext] Well known directory 'Root': '/home/ms/k8s-docker-autodeploy-github/actions-runner'
[2025-05-18 04:19:48Z INFO SelfUpdater] Copy /home/ms/k8s-docker-autodeploy-github/actions-runner/_work/_update/safe_sleep.sh to /home/ms/k8s-docker-autodeploy-github/actions-runner/safe_sleep.sh
[2025-05-18 04:19:48Z INFO SelfUpdater] Download latest runner and unzip into runner root.
[2025-05-18 04:19:48Z INFO Terminal] WRITE LINE: Waiting for current job finish running.
[2025-05-18 04:19:48Z INFO SelfUpdater] DownloadUrl: https://github.com/actions/runner/releases/download/v2.324.0/actions-runner-linux-arm64-2.324.0.tar.gz
[2025-05-18 04:19:48Z INFO SelfUpdater] PackageDownloadTime: 14226ms
[2025-05-18 04:19:48Z INFO SelfUpdater] Attempts: 1
[2025-05-18 04:19:48Z INFO SelfUpdater] PackageSize: 76MB
[2025-05-18 04:19:48Z INFO SelfUpdater] ValidateHashTime: 79ms
[2025-05-18 04:19:48Z INFO SelfUpdater] PackageExtractTime: 1386ms
[2025-05-18 04:19:48Z INFO SelfUpdater] CopyRunnerToRootTime: 570ms
[2025-05-18 04:19:48Z INFO SelfUpdater] All running job has exited.
[2025-05-18 04:19:48Z INFO HostContext] Well known directory 'Bin': '/home/ms/k8s-docker-autodeploy-github/actions-runner/bin'
[2025-05-18 04:19:48Z INFO HostContext] Well known directory 'Root': '/home/ms/k8s-docker-autodeploy-github/actions-runner'
[2025-05-18 04:19:48Z INFO HostContext] Well known directory 'Bin': '/home/ms/k8s-docker-autodeploy-github/actions-runner/bin'
[2025-05-18 04:19:48Z INFO HostContext] Well known directory 'Root': '/home/ms/k8s-docker-autodeploy-github/actions-runner'
[2025-05-18 04:19:48Z INFO HostContext] Well known directory 'Bin': '/home/ms/k8s-docker-autodeploy-github/actions-runner/bin'
[2025-05-18 04:19:48Z INFO HostContext] Well known directory 'Root': '/home/ms/k8s-docker-autodeploy-github/actions-runner'
[2025-05-18 04:19:48Z INFO HostContext] Well known directory 'Bin': '/home/ms/k8s-docker-autodeploy-github/actions-runner/bin'
[2025-05-18 04:19:48Z INFO HostContext] Well known directory 'Root': '/home/ms/k8s-docker-autodeploy-github/actions-runner'
[2025-05-18 04:19:48Z INFO HostContext] Well known directory 'Bin': '/home/ms/k8s-docker-autodeploy-github/actions-runner/bin'
[2025-05-18 04:19:48Z INFO HostContext] Well known directory 'Root': '/home/ms/k8s-docker-autodeploy-github/actions-runner'
[2025-05-18 04:19:48Z INFO HostContext] Well known directory 'Bin': '/home/ms/k8s-docker-autodeploy-github/actions-runner/bin'
[2025-05-18 04:19:48Z INFO HostContext] Well known directory 'Root': '/home/ms/k8s-docker-autodeploy-github/actions-runner'
[2025-05-18 04:19:48Z INFO HostContext] Well known directory 'Bin': '/home/ms/k8s-docker-autodeploy-github/actions-runner/bin'
[2025-05-18 04:19:48Z INFO HostContext] Well known directory 'Root': '/home/ms/k8s-docker-autodeploy-github/actions-runner'
[2025-05-18 04:19:48Z INFO HostContext] Well known directory 'Bin': '/home/ms/k8s-docker-autodeploy-github/actions-runner/bin'
[2025-05-18 04:19:48Z INFO HostContext] Well known directory 'Root': '/home/ms/k8s-docker-autodeploy-github/actions-runner'
[2025-05-18 04:19:48Z INFO HostContext] Well known directory 'Bin': '/home/ms/k8s-docker-autodeploy-github/actions-runner/bin'
[2025-05-18 04:19:48Z INFO HostContext] Well known directory 'Root': '/home/ms/k8s-docker-autodeploy-github/actions-runner'
[2025-05-18 04:19:48Z INFO HostContext] Well known directory 'Bin': '/home/ms/k8s-docker-autodeploy-github/actions-runner/bin'
[2025-05-18 04:19:48Z INFO HostContext] Well known directory 'Root': '/home/ms/k8s-docker-autodeploy-github/actions-runner'
[2025-05-18 04:19:48Z INFO HostContext] Well known directory 'Bin': '/home/ms/k8s-docker-autodeploy-github/actions-runner/bin'
[2025-05-18 04:19:48Z INFO HostContext] Well known directory 'Root': '/home/ms/k8s-docker-autodeploy-github/actions-runner'
[2025-05-18 04:19:48Z INFO SelfUpdater] Delete old version runner backup.
[2025-05-18 04:19:48Z INFO Terminal] WRITE LINE: Generate and execute update script.
[2025-05-18 04:19:48Z INFO SelfUpdater] DeleteRunnerBackupTime: 1ms
[2025-05-18 04:19:48Z INFO HostContext] Well known directory 'Bin': '/home/ms/k8s-docker-autodeploy-github/actions-runner/bin'
[2025-05-18 04:19:48Z INFO HostContext] Well known directory 'Root': '/home/ms/k8s-docker-autodeploy-github/actions-runner'
[2025-05-18 04:19:48Z INFO HostContext] Well known directory 'Diag': '/home/ms/k8s-docker-autodeploy-github/actions-runner/_diag'
[2025-05-18 04:19:48Z INFO HostContext] Well known directory 'Bin': '/home/ms/k8s-docker-autodeploy-github/actions-runner/bin'
[2025-05-18 04:19:48Z INFO HostContext] Well known directory 'Root': '/home/ms/k8s-docker-autodeploy-github/actions-runner'
[2025-05-18 04:19:48Z INFO HostContext] Well known directory 'Bin': '/home/ms/k8s-docker-autodeploy-github/actions-runner/bin'
[2025-05-18 04:19:48Z INFO HostContext] Well known directory 'Root': '/home/ms/k8s-docker-autodeploy-github/actions-runner'
[2025-05-18 04:19:48Z INFO HostContext] Well known directory 'Work': '/home/ms/k8s-docker-autodeploy-github/actions-runner/_work'
[2025-05-18 04:19:48Z INFO SelfUpdater] Generate update script into: /home/ms/k8s-docker-autodeploy-github/actions-runner/_work/_update.sh
[2025-05-18 04:19:48Z INFO SelfUpdater] Which2: 'bash'
[2025-05-18 04:19:48Z INFO SelfUpdater] Location: '/usr/bin/bash'
[2025-05-18 04:19:48Z INFO SelfUpdater] Update script start running
[2025-05-18 04:19:48Z INFO Terminal] WRITE LINE: Runner will exit shortly for update, should be back online within 10 seconds.
[2025-05-18 04:19:48Z INFO SelfUpdater] TotalUpdateTime: 17036ms
[2025-05-18 04:19:48Z INFO Terminal] WRITE LINE: Runner update process finished.
[2025-05-18 04:19:48Z INFO Runner] Auto update task finished at backend, an runner update is ready to apply exit the current runner instance.
[2025-05-18 04:19:48Z INFO Runner] Stop message queue looping.
[2025-05-18 04:19:48Z WARN GitHubActionsService] GET request to https://broker.actions.githubusercontent.com/message?sessionId=42e50d62-4150-46eb-b9a1-e8b17c6f908d&status=Online&runnerVersion=2.323.0&os=Linux&architecture=ARM64&disableUpdate=false has been cancelled.
[2025-05-18 04:19:48Z ERR  BrokerServer] Catch exception during request
[2025-05-18 04:19:48Z ERR  BrokerServer] System.Threading.Tasks.TaskCanceledException: The operation was canceled.
 ---> System.Threading.Tasks.TaskCanceledException: The operation was canceled.
 ---> System.IO.IOException: Unable to read data from the transport connection: Operation canceled.
 ---> System.Net.Sockets.SocketException (125): Operation canceled
   --- End of inner exception stack trace ---
   at System.Net.Sockets.Socket.AwaitableSocketAsyncEventArgs.ThrowException(SocketError error, CancellationToken cancellationToken)
   at System.Net.Sockets.Socket.AwaitableSocketAsyncEventArgs.System.Threading.Tasks.Sources.IValueTaskSource<System.Int32>.GetResult(Int16 token)
   at System.Net.Security.SslStream.EnsureFullTlsFrameAsync[TIOAdapter](CancellationToken cancellationToken, Int32 estimatedSize)
   at System.Runtime.CompilerServices.PoolingAsyncValueTaskMethodBuilder`1.StateMachineBox`1.System.Threading.Tasks.Sources.IValueTaskSource<TResult>.GetResult(Int16 token)
   at System.Net.Security.SslStream.ReadAsyncInternal[TIOAdapter](Memory`1 buffer, CancellationToken cancellationToken)
   at System.Runtime.CompilerServices.PoolingAsyncValueTaskMethodBuilder`1.StateMachineBox`1.System.Threading.Tasks.Sources.IValueTaskSource<TResult>.GetResult(Int16 token)
   at System.Net.Http.HttpConnection.SendAsync(HttpRequestMessage request, Boolean async, CancellationToken cancellationToken)
   --- End of inner exception stack trace ---
   at System.Net.Http.HttpConnection.SendAsync(HttpRequestMessage request, Boolean async, CancellationToken cancellationToken)
   at System.Net.Http.AuthenticationHelper.SendWithNtAuthAsync(HttpRequestMessage request, Uri authUri, Boolean async, ICredentials credentials, Boolean isProxyAuth, HttpConnection connection, HttpConnectionPool connectionPool, CancellationToken cancellationToken)
   at System.Net.Http.HttpConnectionPool.SendWithVersionDetectionAndRetryAsync(HttpRequestMessage request, Boolean async, Boolean doRequestAuth, CancellationToken cancellationToken)
   at System.Net.Http.AuthenticationHelper.SendWithAuthAsync(HttpRequestMessage request, Uri authUri, Boolean async, ICredentials credentials, Boolean preAuthenticate, Boolean isProxyAuth, Boolean doRequestAuth, HttpConnectionPool pool, CancellationToken cancellationToken)
   at System.Net.Http.RedirectHandler.SendAsync(HttpRequestMessage request, Boolean async, CancellationToken cancellationToken)
   at GitHub.Services.Common.RawHttpMessageHandler.SendAsync(HttpRequestMessage request, CancellationToken cancellationToken)
   at GitHub.Services.Common.VssHttpRetryMessageHandler.SendAsync(HttpRequestMessage request, CancellationToken cancellationToken)
   at System.Net.Http.HttpClient.<SendAsync>g__Core|83_0(HttpRequestMessage request, HttpCompletionOption completionOption, CancellationTokenSource cts, Boolean disposeCts, CancellationTokenSource pendingRequestsCts, CancellationToken originalCancellationToken)
   --- End of inner exception stack trace ---
   at System.Net.Http.HttpClient.HandleFailure(Exception e, Boolean telemetryStarted, HttpResponseMessage response, CancellationTokenSource cts, CancellationToken cancellationToken, CancellationTokenSource pendingRequestsCts)
   at System.Net.Http.HttpClient.<SendAsync>g__Core|83_0(HttpRequestMessage request, HttpCompletionOption completionOption, CancellationTokenSource cts, Boolean disposeCts, CancellationTokenSource pendingRequestsCts, CancellationToken originalCancellationToken)
   at Sdk.WebApi.WebApi.RawHttpClientBase.SendAsync(HttpRequestMessage message, HttpCompletionOption completionOption, Object userState, CancellationToken cancellationToken)
   at Sdk.WebApi.WebApi.RawHttpClientBase.SendAsync[T](HttpRequestMessage message, Boolean readErrorBody, Object userState, CancellationToken cancellationToken)
   at Sdk.WebApi.WebApi.RawHttpClientBase.SendAsync[T](HttpMethod method, IEnumerable`1 additionalHeaders, Uri requestUri, HttpContent content, IEnumerable`1 queryParameters, Boolean readErrorBody, Object userState, CancellationToken cancellationToken)
   at GitHub.Actions.RunService.WebApi.BrokerHttpClient.GetRunnerMessageAsync(Nullable`1 sessionId, String runnerVersion, Nullable`1 status, String os, String architecture, Nullable`1 disableUpdate, CancellationToken cancellationToken)
   at GitHub.Runner.Common.BrokerServer.<>c__DisplayClass7_0.<<GetRunnerMessageAsync>b__0>d.MoveNext()
--- End of stack trace from previous location ---
   at GitHub.Runner.Common.RunnerService.RetryRequest[T](Func`1 func, CancellationToken cancellationToken, Int32 maxRetryAttemptsCount, Func`2 shouldRetry)
[2025-05-18 04:19:48Z ERR  BrokerServer] #####################################################
[2025-05-18 04:19:48Z ERR  BrokerServer] System.Threading.Tasks.TaskCanceledException: The operation was canceled.
 ---> System.IO.IOException: Unable to read data from the transport connection: Operation canceled.
 ---> System.Net.Sockets.SocketException (125): Operation canceled
   --- End of inner exception stack trace ---
   at System.Net.Sockets.Socket.AwaitableSocketAsyncEventArgs.ThrowException(SocketError error, CancellationToken cancellationToken)
   at System.Net.Sockets.Socket.AwaitableSocketAsyncEventArgs.System.Threading.Tasks.Sources.IValueTaskSource<System.Int32>.GetResult(Int16 token)
   at System.Net.Security.SslStream.EnsureFullTlsFrameAsync[TIOAdapter](CancellationToken cancellationToken, Int32 estimatedSize)
   at System.Runtime.CompilerServices.PoolingAsyncValueTaskMethodBuilder`1.StateMachineBox`1.System.Threading.Tasks.Sources.IValueTaskSource<TResult>.GetResult(Int16 token)
   at System.Net.Security.SslStream.ReadAsyncInternal[TIOAdapter](Memory`1 buffer, CancellationToken cancellationToken)
   at System.Runtime.CompilerServices.PoolingAsyncValueTaskMethodBuilder`1.StateMachineBox`1.System.Threading.Tasks.Sources.IValueTaskSource<TResult>.GetResult(Int16 token)
   at System.Net.Http.HttpConnection.SendAsync(HttpRequestMessage request, Boolean async, CancellationToken cancellationToken)
   --- End of inner exception stack trace ---
   at System.Net.Http.HttpConnection.SendAsync(HttpRequestMessage request, Boolean async, CancellationToken cancellationToken)
   at System.Net.Http.AuthenticationHelper.SendWithNtAuthAsync(HttpRequestMessage request, Uri authUri, Boolean async, ICredentials credentials, Boolean isProxyAuth, HttpConnection connection, HttpConnectionPool connectionPool, CancellationToken cancellationToken)
   at System.Net.Http.HttpConnectionPool.SendWithVersionDetectionAndRetryAsync(HttpRequestMessage request, Boolean async, Boolean doRequestAuth, CancellationToken cancellationToken)
   at System.Net.Http.AuthenticationHelper.SendWithAuthAsync(HttpRequestMessage request, Uri authUri, Boolean async, ICredentials credentials, Boolean preAuthenticate, Boolean isProxyAuth, Boolean doRequestAuth, HttpConnectionPool pool, CancellationToken cancellationToken)
   at System.Net.Http.RedirectHandler.SendAsync(HttpRequestMessage request, Boolean async, CancellationToken cancellationToken)
   at GitHub.Services.Common.RawHttpMessageHandler.SendAsync(HttpRequestMessage request, CancellationToken cancellationToken)
   at GitHub.Services.Common.VssHttpRetryMessageHandler.SendAsync(HttpRequestMessage request, CancellationToken cancellationToken)
   at System.Net.Http.HttpClient.<SendAsync>g__Core|83_0(HttpRequestMessage request, HttpCompletionOption completionOption, CancellationTokenSource cts, Boolean disposeCts, CancellationTokenSource pendingRequestsCts, CancellationToken originalCancellationToken)
[2025-05-18 04:19:48Z ERR  BrokerServer] #####################################################
[2025-05-18 04:19:48Z ERR  BrokerServer] System.IO.IOException: Unable to read data from the transport connection: Operation canceled.
 ---> System.Net.Sockets.SocketException (125): Operation canceled
   --- End of inner exception stack trace ---
   at System.Net.Sockets.Socket.AwaitableSocketAsyncEventArgs.ThrowException(SocketError error, CancellationToken cancellationToken)
   at System.Net.Sockets.Socket.AwaitableSocketAsyncEventArgs.System.Threading.Tasks.Sources.IValueTaskSource<System.Int32>.GetResult(Int16 token)
   at System.Net.Security.SslStream.EnsureFullTlsFrameAsync[TIOAdapter](CancellationToken cancellationToken, Int32 estimatedSize)
   at System.Runtime.CompilerServices.PoolingAsyncValueTaskMethodBuilder`1.StateMachineBox`1.System.Threading.Tasks.Sources.IValueTaskSource<TResult>.GetResult(Int16 token)
   at System.Net.Security.SslStream.ReadAsyncInternal[TIOAdapter](Memory`1 buffer, CancellationToken cancellationToken)
   at System.Runtime.CompilerServices.PoolingAsyncValueTaskMethodBuilder`1.StateMachineBox`1.System.Threading.Tasks.Sources.IValueTaskSource<TResult>.GetResult(Int16 token)
   at System.Net.Http.HttpConnection.SendAsync(HttpRequestMessage request, Boolean async, CancellationToken cancellationToken)
[2025-05-18 04:19:48Z ERR  BrokerServer] #####################################################
[2025-05-18 04:19:48Z ERR  BrokerServer] System.Net.Sockets.SocketException (125): Operation canceled
[2025-05-18 04:19:48Z WARN BrokerServer] Back off 6.92 seconds before next retry. 4 attempt left.
[2025-05-18 04:19:48Z INFO MessageListener] Get next message has been cancelled.
[2025-05-18 04:19:48Z INFO Runner] Ignore any exception after cancel message loop. System.Threading.Tasks.TaskCanceledException: A task was canceled.
   at GitHub.Runner.Common.RunnerService.RetryRequest[T](Func`1 func, CancellationToken cancellationToken, Int32 maxRetryAttemptsCount, Func`2 shouldRetry)
   at GitHub.Runner.Listener.MessageListener.GetNextMessageAsync(CancellationToken token)
   at GitHub.Runner.Listener.Runner.RunAsync(RunnerSettings settings, Boolean runOnce)
[2025-05-18 04:19:48Z INFO JobDispatcher] Shutting down JobDispatcher. Make sure all WorkerDispatcher has finished.
[2025-05-18 04:19:48Z INFO Runner] Deleting Runner Session...
[2025-05-18 04:19:49Z INFO Listener] Runner execution has finished with return code 3
