[2025-05-08 21:37:00Z INFO HostContext] No proxy settings were found based on environmental variables (http_proxy/https_proxy/HTTP_PROXY/HTTPS_PROXY)
[2025-05-08 21:37:00Z INFO HostContext] Well known directory 'Bin': '/home/ms/k8s-docker-autodeploy-github/actions-runner/bin'
[2025-05-08 21:37:00Z INFO HostContext] Well known directory 'Root': '/home/ms/k8s-docker-autodeploy-github/actions-runner'
[2025-05-08 21:37:00Z INFO HostContext] Well known config file 'Credentials': '/home/ms/k8s-docker-autodeploy-github/actions-runner/.credentials'
[2025-05-08 21:37:00Z INFO HostContext] Well known directory 'Bin': '/home/ms/k8s-docker-autodeploy-github/actions-runner/bin'
[2025-05-08 21:37:00Z INFO HostContext] Well known directory 'Root': '/home/ms/k8s-docker-autodeploy-github/actions-runner'
[2025-05-08 21:37:00Z INFO HostContext] Well known config file 'Runner': '/home/ms/k8s-docker-autodeploy-github/actions-runner/.runner'
[2025-05-08 21:37:00Z INFO Listener] Runner is built for Linux (Arm64) - linux-arm64.
[2025-05-08 21:37:00Z INFO Listener] RuntimeInformation: Ubuntu 24.04.2 LTS.
[2025-05-08 21:37:00Z INFO Listener] Version: 2.323.0
[2025-05-08 21:37:00Z INFO Listener] Commit: d8b82f44a9ec0258904d5869ae683c31d5aac299
[2025-05-08 21:37:00Z INFO Listener] Culture: en-US
[2025-05-08 21:37:00Z INFO Listener] UI Culture: en-US
[2025-05-08 21:37:00Z INFO HostContext] Well known directory 'Bin': '/home/ms/k8s-docker-autodeploy-github/actions-runner/bin'
[2025-05-08 21:37:00Z INFO HostContext] Well known directory 'Root': '/home/ms/k8s-docker-autodeploy-github/actions-runner'
[2025-05-08 21:37:00Z INFO Listener] Validating directory permissions for: '/home/ms/k8s-docker-autodeploy-github/actions-runner'
[2025-05-08 21:37:00Z INFO CommandLineParser] Parse
[2025-05-08 21:37:00Z INFO CommandLineParser] Parsing 1 args
[2025-05-08 21:37:00Z INFO CommandLineParser] parsing argument
[2025-05-08 21:37:00Z INFO CommandLineParser] HasArgs: False
[2025-05-08 21:37:00Z INFO CommandLineParser] Adding Command: run
[2025-05-08 21:37:00Z INFO Listener] Arguments parsed
[2025-05-08 21:37:00Z INFO Runner] ExecuteCommand
[2025-05-08 21:37:00Z INFO ConfigurationStore] currentAssemblyLocation: /home/ms/k8s-docker-autodeploy-github/actions-runner/bin/Runner.Listener.dll
[2025-05-08 21:37:00Z INFO HostContext] Well known directory 'Bin': '/home/ms/k8s-docker-autodeploy-github/actions-runner/bin'
[2025-05-08 21:37:00Z INFO ConfigurationStore] binPath: /home/ms/k8s-docker-autodeploy-github/actions-runner/bin
[2025-05-08 21:37:00Z INFO HostContext] Well known directory 'Bin': '/home/ms/k8s-docker-autodeploy-github/actions-runner/bin'
[2025-05-08 21:37:00Z INFO HostContext] Well known directory 'Root': '/home/ms/k8s-docker-autodeploy-github/actions-runner'
[2025-05-08 21:37:00Z INFO ConfigurationStore] RootFolder: /home/ms/k8s-docker-autodeploy-github/actions-runner
[2025-05-08 21:37:00Z INFO HostContext] Well known directory 'Bin': '/home/ms/k8s-docker-autodeploy-github/actions-runner/bin'
[2025-05-08 21:37:00Z INFO HostContext] Well known directory 'Root': '/home/ms/k8s-docker-autodeploy-github/actions-runner'
[2025-05-08 21:37:00Z INFO HostContext] Well known config file 'Runner': '/home/ms/k8s-docker-autodeploy-github/actions-runner/.runner'
[2025-05-08 21:37:00Z INFO ConfigurationStore] ConfigFilePath: /home/ms/k8s-docker-autodeploy-github/actions-runner/.runner
[2025-05-08 21:37:00Z INFO HostContext] Well known directory 'Bin': '/home/ms/k8s-docker-autodeploy-github/actions-runner/bin'
[2025-05-08 21:37:00Z INFO HostContext] Well known directory 'Root': '/home/ms/k8s-docker-autodeploy-github/actions-runner'
[2025-05-08 21:37:00Z INFO HostContext] Well known config file 'MigratedRunner': '/home/ms/k8s-docker-autodeploy-github/actions-runner/.runner_migrated'
[2025-05-08 21:37:00Z INFO ConfigurationStore] MigratedConfigFilePath: /home/ms/k8s-docker-autodeploy-github/actions-runner/.runner_migrated
[2025-05-08 21:37:00Z INFO HostContext] Well known directory 'Bin': '/home/ms/k8s-docker-autodeploy-github/actions-runner/bin'
[2025-05-08 21:37:00Z INFO HostContext] Well known directory 'Root': '/home/ms/k8s-docker-autodeploy-github/actions-runner'
[2025-05-08 21:37:00Z INFO HostContext] Well known config file 'Credentials': '/home/ms/k8s-docker-autodeploy-github/actions-runner/.credentials'
[2025-05-08 21:37:00Z INFO ConfigurationStore] CredFilePath: /home/ms/k8s-docker-autodeploy-github/actions-runner/.credentials
[2025-05-08 21:37:00Z INFO HostContext] Well known directory 'Bin': '/home/ms/k8s-docker-autodeploy-github/actions-runner/bin'
[2025-05-08 21:37:00Z INFO HostContext] Well known directory 'Root': '/home/ms/k8s-docker-autodeploy-github/actions-runner'
[2025-05-08 21:37:00Z INFO HostContext] Well known config file 'MigratedCredentials': '/home/ms/k8s-docker-autodeploy-github/actions-runner/.credentials_migrated'
[2025-05-08 21:37:00Z INFO ConfigurationStore] MigratedCredFilePath: /home/ms/k8s-docker-autodeploy-github/actions-runner/.credentials_migrated
[2025-05-08 21:37:00Z INFO HostContext] Well known directory 'Bin': '/home/ms/k8s-docker-autodeploy-github/actions-runner/bin'
[2025-05-08 21:37:00Z INFO HostContext] Well known directory 'Root': '/home/ms/k8s-docker-autodeploy-github/actions-runner'
[2025-05-08 21:37:00Z INFO HostContext] Well known config file 'Service': '/home/ms/k8s-docker-autodeploy-github/actions-runner/.service'
[2025-05-08 21:37:00Z INFO ConfigurationStore] ServiceConfigFilePath: /home/ms/k8s-docker-autodeploy-github/actions-runner/.service
[2025-05-08 21:37:00Z INFO CommandSettings] Flag 'help': 'False'
[2025-05-08 21:37:00Z INFO CommandSettings] Flag 'version': 'False'
[2025-05-08 21:37:00Z INFO CommandSettings] Flag 'commit': 'False'
[2025-05-08 21:37:00Z INFO CommandSettings] Flag 'check': 'False'
[2025-05-08 21:37:00Z INFO CommandSettings] Command 'configure': 'False'
[2025-05-08 21:37:00Z INFO CommandSettings] Command 'remove': 'False'
[2025-05-08 21:37:00Z INFO CommandSettings] Command 'warmup': 'False'
[2025-05-08 21:37:00Z INFO ConfigurationManager] LoadSettings
[2025-05-08 21:37:00Z INFO ConfigurationStore] IsConfigured()
[2025-05-08 21:37:00Z INFO ConfigurationStore] IsConfigured: True
[2025-05-08 21:37:00Z INFO ConfigurationManager] Is configured: True
[2025-05-08 21:37:00Z INFO ConfigurationStore] Read setting file: 318 chars
[2025-05-08 21:37:00Z INFO ConfigurationManager] Settings Loaded
[2025-05-08 21:37:00Z INFO ConfigurationStore] IsServiceConfigured()
[2025-05-08 21:37:00Z INFO ConfigurationStore] IsServiceConfigured: False
[2025-05-08 21:37:00Z INFO CommandSettings] Command 'run': 'True'
[2025-05-08 21:37:00Z INFO ConfigurationStore] IsConfigured()
[2025-05-08 21:37:00Z INFO ConfigurationStore] IsConfigured: True
[2025-05-08 21:37:00Z INFO ConfigurationManager] Is configured: True
[2025-05-08 21:37:00Z INFO Runner] Could not parse the argument value '' for StartupType. Defaulting to Manual
[2025-05-08 21:37:00Z INFO Runner] Set runner startup type - Manual
[2025-05-08 21:37:00Z INFO CommandSettings] Flag 'once': 'False'
[2025-05-08 21:37:00Z INFO CommandSettings] Flag 'once': 'False'
[2025-05-08 21:37:00Z INFO Runner] RunAsync
[2025-05-08 21:37:00Z INFO ConfigurationManager] LoadSettings
[2025-05-08 21:37:00Z INFO ConfigurationStore] IsConfigured()
[2025-05-08 21:37:00Z INFO ConfigurationStore] IsConfigured: True
[2025-05-08 21:37:00Z INFO ConfigurationManager] Is configured: True
[2025-05-08 21:37:00Z INFO ConfigurationManager] Settings Loaded
[2025-05-08 21:37:00Z INFO MessageListener] {
  "AgentId": 2,
  "AgentName": "ccsserver",
  "PoolId": 1,
  "PoolName": "Default",
  "ServerUrl": "https://pipelinesghubeus7.actions.githubusercontent.com/sgvP9QNc0GCh3sCH5WhBxsao5ILLusw15NiqkWtId3MWd7Pnei/",
  "GitHubUrl": "https://github.com/escanor-source/k8s-docker-autodeploy-github",
  "WorkFolder": "_work"
}
[2025-05-08 21:37:00Z INFO MessageListener] Loading Credentials
[2025-05-08 21:37:00Z INFO ConfigurationStore] HasCredentials()
[2025-05-08 21:37:00Z INFO ConfigurationStore] stored True
[2025-05-08 21:37:00Z INFO CredentialManager] GetCredentialProvider
[2025-05-08 21:37:00Z INFO CredentialManager] Creating type OAuth
[2025-05-08 21:37:00Z INFO CredentialManager] Creating credential type: OAuth
[2025-05-08 21:37:00Z INFO HostContext] Well known directory 'Bin': '/home/ms/k8s-docker-autodeploy-github/actions-runner/bin'
[2025-05-08 21:37:00Z INFO HostContext] Well known directory 'Root': '/home/ms/k8s-docker-autodeploy-github/actions-runner'
[2025-05-08 21:37:00Z INFO HostContext] Well known config file 'RSACredentials': '/home/ms/k8s-docker-autodeploy-github/actions-runner/.credentials_rsaparams'
[2025-05-08 21:37:00Z INFO RSAFileKeyManager] Loading RSA key parameters from file /home/ms/k8s-docker-autodeploy-github/actions-runner/.credentials_rsaparams
[2025-05-08 21:37:00Z INFO MessageListener] Attempt to create session.
[2025-05-08 21:37:00Z INFO MessageListener] Connecting to the Runner Server...
[2025-05-08 21:37:00Z INFO RunnerServer] EstablishVssConnection
[2025-05-08 21:37:00Z INFO RunnerServer] Establish connection with 100 seconds timeout.
[2025-05-08 21:37:00Z INFO GitHubActionsService] Starting operation Location.GetConnectionData
[2025-05-08 21:37:00Z INFO RunnerServer] EstablishVssConnection
[2025-05-08 21:37:00Z INFO RunnerServer] Establish connection with 60 seconds timeout.
[2025-05-08 21:37:00Z INFO GitHubActionsService] Starting operation Location.GetConnectionData
[2025-05-08 21:37:00Z INFO RunnerServer] EstablishVssConnection
[2025-05-08 21:37:00Z INFO RunnerServer] Establish connection with 60 seconds timeout.
[2025-05-08 21:37:00Z INFO GitHubActionsService] Starting operation Location.GetConnectionData
[2025-05-08 21:37:01Z INFO GitHubActionsService] Finished operation Location.GetConnectionData
[2025-05-08 21:37:01Z INFO GitHubActionsService] Finished operation Location.GetConnectionData
[2025-05-08 21:37:01Z INFO GitHubActionsService] Finished operation Location.GetConnectionData
[2025-05-08 21:37:02Z INFO MessageListener] VssConnection created
[2025-05-08 21:37:02Z INFO Terminal] WRITE LINE: 
[2025-05-08 21:37:02Z INFO Terminal] WRITE LINE: 
[2025-05-08 21:37:02Z INFO RSAFileKeyManager] Loading RSA key parameters from file /home/ms/k8s-docker-autodeploy-github/actions-runner/.credentials_rsaparams
[2025-05-08 21:37:02Z INFO RSAFileKeyManager] Loading RSA key parameters from file /home/ms/k8s-docker-autodeploy-github/actions-runner/.credentials_rsaparams
[2025-05-08 21:37:03Z INFO GitHubActionsService] AAD Correlation ID for this token request: Unknown
[2025-05-08 21:37:03Z INFO MessageListener] Session created.
[2025-05-08 21:37:03Z INFO Terminal] WRITE LINE: Current runner version: '2.323.0'
[2025-05-08 21:37:03Z INFO Terminal] WRITE LINE: 2025-05-08 21:37:03Z: Listening for Jobs
[2025-05-08 21:37:03Z INFO JobDispatcher] Set runner/worker IPC timeout to 30 seconds.
[2025-05-08 21:37:03Z INFO RSAFileKeyManager] Loading RSA key parameters from file /home/ms/k8s-docker-autodeploy-github/actions-runner/.credentials_rsaparams
[2025-05-08 21:37:04Z INFO GitHubActionsService] AAD Correlation ID for this token request: Unknown
[2025-05-08 21:38:11Z INFO MessageListener] Message '5148362171242848526' received from session '7211d2fa-7593-4dca-bbf6-d7ad77a5c0ac'.
[2025-05-08 21:38:11Z INFO ConfigurationStore] HasCredentials()
[2025-05-08 21:38:11Z INFO ConfigurationStore] stored True
[2025-05-08 21:38:11Z INFO CredentialManager] GetCredentialProvider
[2025-05-08 21:38:11Z INFO CredentialManager] Creating type OAuth
[2025-05-08 21:38:11Z INFO CredentialManager] Creating credential type: OAuth
[2025-05-08 21:38:11Z INFO RSAFileKeyManager] Loading RSA key parameters from file /home/ms/k8s-docker-autodeploy-github/actions-runner/.credentials_rsaparams
[2025-05-08 21:38:11Z INFO ActionsRunServer] EstablishVssConnection
[2025-05-08 21:38:11Z INFO ActionsRunServer] Establish connection with 100 seconds timeout.
[2025-05-08 21:38:11Z INFO GitHubActionsService] Starting operation Location.GetConnectionData
[2025-05-08 21:38:12Z INFO GitHubActionsService] Finished operation Location.GetConnectionData
[2025-05-08 21:38:13Z INFO RSAFileKeyManager] Loading RSA key parameters from file /home/ms/k8s-docker-autodeploy-github/actions-runner/.credentials_rsaparams
[2025-05-08 21:38:13Z INFO RSAFileKeyManager] Loading RSA key parameters from file /home/ms/k8s-docker-autodeploy-github/actions-runner/.credentials_rsaparams
[2025-05-08 21:38:13Z INFO GitHubActionsService] AAD Correlation ID for this token request: Unknown
[2025-05-08 21:38:14Z INFO JobDispatcher] Job request 26 for plan 8d1cdd37-eea8-47e8-bb54-b2f457c3c514 job e07742bd-189a-5079-918b-43f8b2f94b89 received.
[2025-05-08 21:38:14Z INFO JobDispatcher] Pull OrchestrationId 8d1cdd37-eea8-47e8-bb54-b2f457c3c514.deploy.__default from JWT claims
[2025-05-08 21:38:14Z INFO MessageListener] Received job status event. JobState: Busy
[2025-05-08 21:38:14Z INFO MessageListener] _getMessagesTokenSource is already disposed.
[2025-05-08 21:38:14Z INFO Terminal] WRITE LINE: 2025-05-08 21:38:14Z: Running job: deploy
[2025-05-08 21:38:14Z INFO JobDispatcher] Start renew job request 26 for job e07742bd-189a-5079-918b-43f8b2f94b89.
[2025-05-08 21:38:14Z INFO JobDispatcher] Successfully renew job request 26, job is valid till 5/8/2025 9:48:14 PM
[2025-05-08 21:38:14Z INFO HostContext] Well known directory 'Bin': '/home/ms/k8s-docker-autodeploy-github/actions-runner/bin'
[2025-05-08 21:38:14Z INFO ProcessInvokerWrapper] Starting process:
[2025-05-08 21:38:14Z INFO ProcessInvokerWrapper]   File name: '/home/ms/k8s-docker-autodeploy-github/actions-runner/bin/Runner.Worker'
[2025-05-08 21:38:14Z INFO ProcessInvokerWrapper]   Arguments: 'spawnclient 148 151'
[2025-05-08 21:38:14Z INFO ProcessInvokerWrapper]   Working directory: '/home/ms/k8s-docker-autodeploy-github/actions-runner/bin'
[2025-05-08 21:38:14Z INFO ProcessInvokerWrapper]   Require exit code zero: 'False'
[2025-05-08 21:38:14Z INFO ProcessInvokerWrapper]   Encoding web name:  ; code page: ''
[2025-05-08 21:38:14Z INFO ProcessInvokerWrapper]   Force kill process on cancellation: 'True'
[2025-05-08 21:38:14Z INFO ProcessInvokerWrapper]   Redirected STDIN: 'False'
[2025-05-08 21:38:14Z INFO ProcessInvokerWrapper]   Persist current code page: 'False'
[2025-05-08 21:38:14Z INFO ProcessInvokerWrapper]   Keep redirected STDIN open: 'False'
[2025-05-08 21:38:14Z INFO ProcessInvokerWrapper]   High priority process: 'True'
[2025-05-08 21:38:14Z INFO ProcessInvokerWrapper] Process started with process id 14532, waiting for process exit.
[2025-05-08 21:38:14Z INFO JobDispatcher] Send job request message to worker for job e07742bd-189a-5079-918b-43f8b2f94b89.
[2025-05-08 21:38:14Z INFO ProcessChannel] Sending message of length 31813, with hash '4bb4caa7289d004e18ccfc866dea4bad7789f99cc41a844fd5a8470040e94aed'
[2025-05-08 21:38:14Z INFO JobNotification] Entering JobStarted Notification
[2025-05-08 21:38:14Z INFO JobNotification] Entering StartMonitor
[2025-05-08 21:39:14Z INFO JobDispatcher] Successfully renew job request 26, job is valid till 5/8/2025 9:49:14 PM
[2025-05-08 21:40:07Z INFO ProcessInvokerWrapper] STDOUT/STDERR stream read finished.
[2025-05-08 21:40:07Z INFO ProcessInvokerWrapper] STDOUT/STDERR stream read finished.
[2025-05-08 21:40:07Z INFO ProcessInvokerWrapper] Finished process 14532 with exit code 100, and elapsed time 00:01:53.5746645.
[2025-05-08 21:40:07Z INFO JobDispatcher] Worker finished for job e07742bd-189a-5079-918b-43f8b2f94b89. Code: 100
[2025-05-08 21:40:07Z INFO JobDispatcher] finish job request for job e07742bd-189a-5079-918b-43f8b2f94b89 with result: Succeeded
[2025-05-08 21:40:07Z INFO Terminal] WRITE LINE: 2025-05-08 21:40:07Z: Job deploy completed with result: Succeeded
[2025-05-08 21:40:07Z INFO JobDispatcher] Stop renew job request for job e07742bd-189a-5079-918b-43f8b2f94b89.
[2025-05-08 21:40:07Z INFO JobDispatcher] job renew has been cancelled, stop renew job request 26.
[2025-05-08 21:40:07Z INFO JobNotification] Entering JobCompleted Notification
[2025-05-08 21:40:07Z INFO JobNotification] Entering EndMonitor
[2025-05-08 21:40:07Z INFO MessageListener] Received job status event. JobState: Online
[2025-05-08 22:08:35Z INFO MessageListener] No message retrieved from session '7211d2fa-7593-4dca-bbf6-d7ad77a5c0ac' within last 30 minutes.
[2025-05-08 22:23:50Z INFO Terminal] WRITE LINE: Exiting...
[2025-05-08 22:23:50Z INFO ConfigurationStore] IsServiceConfigured()
[2025-05-08 22:23:50Z INFO ConfigurationStore] IsServiceConfigured: False
[2025-05-08 22:23:50Z INFO HostContext] Runner will be shutdown for UserCancelled
[2025-05-08 22:23:50Z WARN GitHubActionsService] GET request to https://broker.actions.githubusercontent.com/message?sessionId=7211d2fa-7593-4dca-bbf6-d7ad77a5c0ac&status=Online&runnerVersion=2.323.0&os=Linux&architecture=ARM64&disableUpdate=false has been cancelled.
[2025-05-08 22:23:50Z ERR  BrokerServer] Catch exception during request
[2025-05-08 22:23:50Z ERR  BrokerServer] System.Threading.Tasks.TaskCanceledException: The operation was canceled.
 ---> System.Threading.Tasks.TaskCanceledException: The operation was canceled.
 ---> System.IO.IOException: Unable to read data from the transport connection: Operation canceled.
 ---> System.Net.Sockets.SocketException (125): Operation canceled
   --- End of inner exception stack trace ---
   at System.Net.Sockets.Socket.AwaitableSocketAsyncEventArgs.System.Threading.Tasks.Sources.IValueTaskSource<System.Int32>.GetResult(Int16 token)
   at System.Net.Security.SslStream.EnsureFullTlsFrameAsync[TIOAdapter](CancellationToken cancellationToken, Int32 estimatedSize)
   at System.Runtime.CompilerServices.PoolingAsyncValueTaskMethodBuilder`1.StateMachineBox`1.System.Threading.Tasks.Sources.IValueTaskSource<TResult>.GetResult(Int16 token)
   at System.Net.Security.SslStream.ReadAsyncInternal[TIOAdapter](Memory`1 buffer, CancellationToken cancellationToken)
   at System.Runtime.CompilerServices.PoolingAsyncValueTaskMethodBuilder`1.StateMachineBox`1.System.Threading.Tasks.Sources.IValueTaskSource<TResult>.GetResult(Int16 token)
   at System.Net.Http.HttpConnection.SendAsync(HttpRequestMessage request, Boolean async, CancellationToken cancellationToken)
   --- End of inner exception stack trace ---
   at System.Net.Http.HttpConnection.SendAsync(HttpRequestMessage request, Boolean async, CancellationToken cancellationToken)
   at System.Net.Http.AuthenticationHelper.SendWithNtAuthAsync(HttpRequestMessage request, Uri authUri, Boolean async, ICredentials credentials, Boolean isProxyAuth, HttpConnection connection, HttpConnectionPool connectionPool, CancellationToken cancellationToken)
   at System.Net.Http.HttpConnectionPool.SendWithVersionDetectionAndRetryAsync(HttpRequestMessage request, Boolean async, Boolean doRequestAuth, CancellationToken cancellationToken)
   at System.Net.Http.AuthenticationHelper.SendWithAuthAsync(HttpRequestMessage request, Uri authUri, Boolean async, ICredentials credentials, Boolean preAuthenticate, Boolean isProxyAuth, Boolean doRequestAuth, HttpConnectionPool pool, CancellationToken cancellationToken)
   at System.Net.Http.RedirectHandler.SendAsync(HttpRequestMessage request, Boolean async, CancellationToken cancellationToken)
   at GitHub.Services.Common.RawHttpMessageHandler.SendAsync(HttpRequestMessage request, CancellationToken cancellationToken)
   at GitHub.Services.Common.VssHttpRetryMessageHandler.SendAsync(HttpRequestMessage request, CancellationToken cancellationToken)
   at System.Net.Http.HttpClient.<SendAsync>g__Core|83_0(HttpRequestMessage request, HttpCompletionOption completionOption, CancellationTokenSource cts, Boolean disposeCts, CancellationTokenSource pendingRequestsCts, CancellationToken originalCancellationToken)
   --- End of inner exception stack trace ---
   at System.Net.Http.HttpClient.HandleFailure(Exception e, Boolean telemetryStarted, HttpResponseMessage response, CancellationTokenSource cts, CancellationToken cancellationToken, CancellationTokenSource pendingRequestsCts)
   at System.Net.Http.HttpClient.<SendAsync>g__Core|83_0(HttpRequestMessage request, HttpCompletionOption completionOption, CancellationTokenSource cts, Boolean disposeCts, CancellationTokenSource pendingRequestsCts, CancellationToken originalCancellationToken)
   at Sdk.WebApi.WebApi.RawHttpClientBase.SendAsync(HttpRequestMessage message, HttpCompletionOption completionOption, Object userState, CancellationToken cancellationToken)
   at Sdk.WebApi.WebApi.RawHttpClientBase.SendAsync[T](HttpRequestMessage message, Boolean readErrorBody, Object userState, CancellationToken cancellationToken)
   at Sdk.WebApi.WebApi.RawHttpClientBase.SendAsync[T](HttpMethod method, IEnumerable`1 additionalHeaders, Uri requestUri, HttpContent content, IEnumerable`1 queryParameters, Boolean readErrorBody, Object userState, CancellationToken cancellationToken)
   at GitHub.Actions.RunService.WebApi.BrokerHttpClient.GetRunnerMessageAsync(Nullable`1 sessionId, String runnerVersion, Nullable`1 status, String os, String architecture, Nullable`1 disableUpdate, CancellationToken cancellationToken)
   at GitHub.Runner.Common.BrokerServer.<>c__DisplayClass7_0.<<GetRunnerMessageAsync>b__0>d.MoveNext()
--- End of stack trace from previous location ---
   at GitHub.Runner.Common.RunnerService.RetryRequest[T](Func`1 func, CancellationToken cancellationToken, Int32 maxRetryAttemptsCount, Func`2 shouldRetry)
[2025-05-08 22:23:50Z ERR  BrokerServer] #####################################################
[2025-05-08 22:23:50Z ERR  BrokerServer] System.Threading.Tasks.TaskCanceledException: The operation was canceled.
 ---> System.IO.IOException: Unable to read data from the transport connection: Operation canceled.
 ---> System.Net.Sockets.SocketException (125): Operation canceled
   --- End of inner exception stack trace ---
   at System.Net.Sockets.Socket.AwaitableSocketAsyncEventArgs.System.Threading.Tasks.Sources.IValueTaskSource<System.Int32>.GetResult(Int16 token)
   at System.Net.Security.SslStream.EnsureFullTlsFrameAsync[TIOAdapter](CancellationToken cancellationToken, Int32 estimatedSize)
   at System.Runtime.CompilerServices.PoolingAsyncValueTaskMethodBuilder`1.StateMachineBox`1.System.Threading.Tasks.Sources.IValueTaskSource<TResult>.GetResult(Int16 token)
   at System.Net.Security.SslStream.ReadAsyncInternal[TIOAdapter](Memory`1 buffer, CancellationToken cancellationToken)
   at System.Runtime.CompilerServices.PoolingAsyncValueTaskMethodBuilder`1.StateMachineBox`1.System.Threading.Tasks.Sources.IValueTaskSource<TResult>.GetResult(Int16 token)
   at System.Net.Http.HttpConnection.SendAsync(HttpRequestMessage request, Boolean async, CancellationToken cancellationToken)
   --- End of inner exception stack trace ---
   at System.Net.Http.HttpConnection.SendAsync(HttpRequestMessage request, Boolean async, CancellationToken cancellationToken)
   at System.Net.Http.AuthenticationHelper.SendWithNtAuthAsync(HttpRequestMessage request, Uri authUri, Boolean async, ICredentials credentials, Boolean isProxyAuth, HttpConnection connection, HttpConnectionPool connectionPool, CancellationToken cancellationToken)
   at System.Net.Http.HttpConnectionPool.SendWithVersionDetectionAndRetryAsync(HttpRequestMessage request, Boolean async, Boolean doRequestAuth, CancellationToken cancellationToken)
   at System.Net.Http.AuthenticationHelper.SendWithAuthAsync(HttpRequestMessage request, Uri authUri, Boolean async, ICredentials credentials, Boolean preAuthenticate, Boolean isProxyAuth, Boolean doRequestAuth, HttpConnectionPool pool, CancellationToken cancellationToken)
   at System.Net.Http.RedirectHandler.SendAsync(HttpRequestMessage request, Boolean async, CancellationToken cancellationToken)
   at GitHub.Services.Common.RawHttpMessageHandler.SendAsync(HttpRequestMessage request, CancellationToken cancellationToken)
   at GitHub.Services.Common.VssHttpRetryMessageHandler.SendAsync(HttpRequestMessage request, CancellationToken cancellationToken)
   at System.Net.Http.HttpClient.<SendAsync>g__Core|83_0(HttpRequestMessage request, HttpCompletionOption completionOption, CancellationTokenSource cts, Boolean disposeCts, CancellationTokenSource pendingRequestsCts, CancellationToken originalCancellationToken)
[2025-05-08 22:23:50Z ERR  BrokerServer] #####################################################
[2025-05-08 22:23:50Z ERR  BrokerServer] System.IO.IOException: Unable to read data from the transport connection: Operation canceled.
 ---> System.Net.Sockets.SocketException (125): Operation canceled
   --- End of inner exception stack trace ---
   at System.Net.Sockets.Socket.AwaitableSocketAsyncEventArgs.System.Threading.Tasks.Sources.IValueTaskSource<System.Int32>.GetResult(Int16 token)
   at System.Net.Security.SslStream.EnsureFullTlsFrameAsync[TIOAdapter](CancellationToken cancellationToken, Int32 estimatedSize)
   at System.Runtime.CompilerServices.PoolingAsyncValueTaskMethodBuilder`1.StateMachineBox`1.System.Threading.Tasks.Sources.IValueTaskSource<TResult>.GetResult(Int16 token)
   at System.Net.Security.SslStream.ReadAsyncInternal[TIOAdapter](Memory`1 buffer, CancellationToken cancellationToken)
   at System.Runtime.CompilerServices.PoolingAsyncValueTaskMethodBuilder`1.StateMachineBox`1.System.Threading.Tasks.Sources.IValueTaskSource<TResult>.GetResult(Int16 token)
   at System.Net.Http.HttpConnection.SendAsync(HttpRequestMessage request, Boolean async, CancellationToken cancellationToken)
[2025-05-08 22:23:50Z ERR  BrokerServer] #####################################################
[2025-05-08 22:23:50Z ERR  BrokerServer] System.Net.Sockets.SocketException (125): Operation canceled
[2025-05-08 22:23:50Z WARN BrokerServer] Back off 11.335 seconds before next retry. 4 attempt left.
[2025-05-08 22:23:50Z INFO MessageListener] Get next message has been cancelled.
[2025-05-08 22:23:50Z INFO JobDispatcher] Shutting down JobDispatcher. Make sure all WorkerDispatcher has finished.
[2025-05-08 22:23:50Z INFO JobDispatcher] Ensure WorkerDispatcher for job e07742bd-189a-5079-918b-43f8b2f94b89 run to finish, cancel any running job.
[2025-05-08 22:23:50Z INFO JobDispatcher] Job request e07742bd-189a-5079-918b-43f8b2f94b89 processed succeed.
[2025-05-08 22:23:50Z INFO Runner] Deleting Runner Session...
[2025-05-08 22:23:50Z INFO Listener] Runner execution been cancelled.
