[2025-04-25 09:31:49Z INFO HostContext] No proxy settings were found based on environmental variables (http_proxy/https_proxy/HTTP_PROXY/HTTPS_PROXY)
[2025-04-25 09:31:49Z INFO HostContext] Well known directory 'Bin': '/home/ms/k8s-docker-autodeploy-github/actions-runner/bin'
[2025-04-25 09:31:49Z INFO HostContext] Well known directory 'Root': '/home/ms/k8s-docker-autodeploy-github/actions-runner'
[2025-04-25 09:31:49Z INFO HostContext] Well known config file 'Credentials': '/home/ms/k8s-docker-autodeploy-github/actions-runner/.credentials'
[2025-04-25 09:31:49Z INFO HostContext] Well known directory 'Bin': '/home/ms/k8s-docker-autodeploy-github/actions-runner/bin'
[2025-04-25 09:31:49Z INFO HostContext] Well known directory 'Root': '/home/ms/k8s-docker-autodeploy-github/actions-runner'
[2025-04-25 09:31:49Z INFO HostContext] Well known config file 'Runner': '/home/ms/k8s-docker-autodeploy-github/actions-runner/.runner'
[2025-04-25 09:31:49Z INFO Listener] Runner is built for Linux (Arm64) - linux-arm64.
[2025-04-25 09:31:49Z INFO Listener] RuntimeInformation: Ubuntu 24.04.2 LTS.
[2025-04-25 09:31:49Z INFO Listener] Version: 2.323.0
[2025-04-25 09:31:49Z INFO Listener] Commit: d8b82f44a9ec0258904d5869ae683c31d5aac299
[2025-04-25 09:31:49Z INFO Listener] Culture: en-US
[2025-04-25 09:31:49Z INFO Listener] UI Culture: en-US
[2025-04-25 09:31:49Z INFO HostContext] Well known directory 'Bin': '/home/ms/k8s-docker-autodeploy-github/actions-runner/bin'
[2025-04-25 09:31:49Z INFO HostContext] Well known directory 'Root': '/home/ms/k8s-docker-autodeploy-github/actions-runner'
[2025-04-25 09:31:49Z INFO Listener] Validating directory permissions for: '/home/ms/k8s-docker-autodeploy-github/actions-runner'
[2025-04-25 09:31:49Z INFO CommandLineParser] Parse
[2025-04-25 09:31:49Z INFO CommandLineParser] Parsing 1 args
[2025-04-25 09:31:49Z INFO CommandLineParser] parsing argument
[2025-04-25 09:31:49Z INFO CommandLineParser] HasArgs: False
[2025-04-25 09:31:49Z INFO CommandLineParser] Adding Command: run
[2025-04-25 09:31:49Z INFO Listener] Arguments parsed
[2025-04-25 09:31:49Z INFO Runner] ExecuteCommand
[2025-04-25 09:31:49Z INFO ConfigurationStore] currentAssemblyLocation: /home/ms/k8s-docker-autodeploy-github/actions-runner/bin/Runner.Listener.dll
[2025-04-25 09:31:49Z INFO HostContext] Well known directory 'Bin': '/home/ms/k8s-docker-autodeploy-github/actions-runner/bin'
[2025-04-25 09:31:49Z INFO ConfigurationStore] binPath: /home/ms/k8s-docker-autodeploy-github/actions-runner/bin
[2025-04-25 09:31:49Z INFO HostContext] Well known directory 'Bin': '/home/ms/k8s-docker-autodeploy-github/actions-runner/bin'
[2025-04-25 09:31:49Z INFO HostContext] Well known directory 'Root': '/home/ms/k8s-docker-autodeploy-github/actions-runner'
[2025-04-25 09:31:49Z INFO ConfigurationStore] RootFolder: /home/ms/k8s-docker-autodeploy-github/actions-runner
[2025-04-25 09:31:49Z INFO HostContext] Well known directory 'Bin': '/home/ms/k8s-docker-autodeploy-github/actions-runner/bin'
[2025-04-25 09:31:49Z INFO HostContext] Well known directory 'Root': '/home/ms/k8s-docker-autodeploy-github/actions-runner'
[2025-04-25 09:31:49Z INFO HostContext] Well known config file 'Runner': '/home/ms/k8s-docker-autodeploy-github/actions-runner/.runner'
[2025-04-25 09:31:49Z INFO ConfigurationStore] ConfigFilePath: /home/ms/k8s-docker-autodeploy-github/actions-runner/.runner
[2025-04-25 09:31:49Z INFO HostContext] Well known directory 'Bin': '/home/ms/k8s-docker-autodeploy-github/actions-runner/bin'
[2025-04-25 09:31:49Z INFO HostContext] Well known directory 'Root': '/home/ms/k8s-docker-autodeploy-github/actions-runner'
[2025-04-25 09:31:49Z INFO HostContext] Well known config file 'MigratedRunner': '/home/ms/k8s-docker-autodeploy-github/actions-runner/.runner_migrated'
[2025-04-25 09:31:49Z INFO ConfigurationStore] MigratedConfigFilePath: /home/ms/k8s-docker-autodeploy-github/actions-runner/.runner_migrated
[2025-04-25 09:31:49Z INFO HostContext] Well known directory 'Bin': '/home/ms/k8s-docker-autodeploy-github/actions-runner/bin'
[2025-04-25 09:31:49Z INFO HostContext] Well known directory 'Root': '/home/ms/k8s-docker-autodeploy-github/actions-runner'
[2025-04-25 09:31:49Z INFO HostContext] Well known config file 'Credentials': '/home/ms/k8s-docker-autodeploy-github/actions-runner/.credentials'
[2025-04-25 09:31:49Z INFO ConfigurationStore] CredFilePath: /home/ms/k8s-docker-autodeploy-github/actions-runner/.credentials
[2025-04-25 09:31:49Z INFO HostContext] Well known directory 'Bin': '/home/ms/k8s-docker-autodeploy-github/actions-runner/bin'
[2025-04-25 09:31:49Z INFO HostContext] Well known directory 'Root': '/home/ms/k8s-docker-autodeploy-github/actions-runner'
[2025-04-25 09:31:49Z INFO HostContext] Well known config file 'MigratedCredentials': '/home/ms/k8s-docker-autodeploy-github/actions-runner/.credentials_migrated'
[2025-04-25 09:31:49Z INFO ConfigurationStore] MigratedCredFilePath: /home/ms/k8s-docker-autodeploy-github/actions-runner/.credentials_migrated
[2025-04-25 09:31:49Z INFO HostContext] Well known directory 'Bin': '/home/ms/k8s-docker-autodeploy-github/actions-runner/bin'
[2025-04-25 09:31:49Z INFO HostContext] Well known directory 'Root': '/home/ms/k8s-docker-autodeploy-github/actions-runner'
[2025-04-25 09:31:49Z INFO HostContext] Well known config file 'Service': '/home/ms/k8s-docker-autodeploy-github/actions-runner/.service'
[2025-04-25 09:31:49Z INFO ConfigurationStore] ServiceConfigFilePath: /home/ms/k8s-docker-autodeploy-github/actions-runner/.service
[2025-04-25 09:31:49Z INFO CommandSettings] Flag 'help': 'False'
[2025-04-25 09:31:49Z INFO CommandSettings] Flag 'version': 'False'
[2025-04-25 09:31:49Z INFO CommandSettings] Flag 'commit': 'False'
[2025-04-25 09:31:49Z INFO CommandSettings] Flag 'check': 'False'
[2025-04-25 09:31:49Z INFO CommandSettings] Command 'configure': 'False'
[2025-04-25 09:31:49Z INFO CommandSettings] Command 'remove': 'False'
[2025-04-25 09:31:49Z INFO CommandSettings] Command 'warmup': 'False'
[2025-04-25 09:31:49Z INFO ConfigurationManager] LoadSettings
[2025-04-25 09:31:49Z INFO ConfigurationStore] IsConfigured()
[2025-04-25 09:31:49Z INFO ConfigurationStore] IsConfigured: True
[2025-04-25 09:31:49Z INFO ConfigurationManager] Is configured: True
[2025-04-25 09:31:49Z INFO ConfigurationStore] Read setting file: 318 chars
[2025-04-25 09:31:49Z INFO ConfigurationManager] Settings Loaded
[2025-04-25 09:31:49Z INFO ConfigurationStore] IsServiceConfigured()
[2025-04-25 09:31:49Z INFO ConfigurationStore] IsServiceConfigured: False
[2025-04-25 09:31:49Z INFO CommandSettings] Command 'run': 'True'
[2025-04-25 09:31:49Z INFO ConfigurationStore] IsConfigured()
[2025-04-25 09:31:49Z INFO ConfigurationStore] IsConfigured: True
[2025-04-25 09:31:49Z INFO ConfigurationManager] Is configured: True
[2025-04-25 09:31:49Z INFO Runner] Could not parse the argument value '' for StartupType. Defaulting to Manual
[2025-04-25 09:31:49Z INFO Runner] Set runner startup type - Manual
[2025-04-25 09:31:49Z INFO CommandSettings] Flag 'once': 'False'
[2025-04-25 09:31:49Z INFO CommandSettings] Flag 'once': 'False'
[2025-04-25 09:31:49Z INFO Runner] RunAsync
[2025-04-25 09:31:49Z INFO ConfigurationManager] LoadSettings
[2025-04-25 09:31:49Z INFO ConfigurationStore] IsConfigured()
[2025-04-25 09:31:49Z INFO ConfigurationStore] IsConfigured: True
[2025-04-25 09:31:49Z INFO ConfigurationManager] Is configured: True
[2025-04-25 09:31:49Z INFO ConfigurationManager] Settings Loaded
[2025-04-25 09:31:49Z INFO MessageListener] {
  "AgentId": 2,
  "AgentName": "ccsserver",
  "PoolId": 1,
  "PoolName": "Default",
  "ServerUrl": "https://pipelinesghubeus7.actions.githubusercontent.com/sgvP9QNc0GCh3sCH5WhBxsao5ILLusw15NiqkWtId3MWd7Pnei/",
  "GitHubUrl": "https://github.com/escanor-source/k8s-docker-autodeploy-github",
  "WorkFolder": "_work"
}
[2025-04-25 09:31:49Z INFO MessageListener] Loading Credentials
[2025-04-25 09:31:49Z INFO ConfigurationStore] HasCredentials()
[2025-04-25 09:31:49Z INFO ConfigurationStore] stored True
[2025-04-25 09:31:49Z INFO CredentialManager] GetCredentialProvider
[2025-04-25 09:31:49Z INFO CredentialManager] Creating type OAuth
[2025-04-25 09:31:49Z INFO CredentialManager] Creating credential type: OAuth
[2025-04-25 09:31:49Z INFO HostContext] Well known directory 'Bin': '/home/ms/k8s-docker-autodeploy-github/actions-runner/bin'
[2025-04-25 09:31:49Z INFO HostContext] Well known directory 'Root': '/home/ms/k8s-docker-autodeploy-github/actions-runner'
[2025-04-25 09:31:49Z INFO HostContext] Well known config file 'RSACredentials': '/home/ms/k8s-docker-autodeploy-github/actions-runner/.credentials_rsaparams'
[2025-04-25 09:31:49Z INFO RSAFileKeyManager] Loading RSA key parameters from file /home/ms/k8s-docker-autodeploy-github/actions-runner/.credentials_rsaparams
[2025-04-25 09:31:49Z INFO MessageListener] Attempt to create session.
[2025-04-25 09:31:49Z INFO MessageListener] Connecting to the Runner Server...
[2025-04-25 09:31:49Z INFO RunnerServer] EstablishVssConnection
[2025-04-25 09:31:49Z INFO RunnerServer] Establish connection with 100 seconds timeout.
[2025-04-25 09:31:49Z INFO GitHubActionsService] Starting operation Location.GetConnectionData
[2025-04-25 09:31:49Z INFO RunnerServer] EstablishVssConnection
[2025-04-25 09:31:49Z INFO RunnerServer] Establish connection with 60 seconds timeout.
[2025-04-25 09:31:49Z INFO GitHubActionsService] Starting operation Location.GetConnectionData
[2025-04-25 09:31:49Z INFO RunnerServer] EstablishVssConnection
[2025-04-25 09:31:49Z INFO RunnerServer] Establish connection with 60 seconds timeout.
[2025-04-25 09:31:49Z INFO GitHubActionsService] Starting operation Location.GetConnectionData
[2025-04-25 09:31:50Z INFO GitHubActionsService] Finished operation Location.GetConnectionData
[2025-04-25 09:31:50Z INFO GitHubActionsService] Finished operation Location.GetConnectionData
[2025-04-25 09:31:50Z INFO GitHubActionsService] Finished operation Location.GetConnectionData
[2025-04-25 09:31:51Z INFO MessageListener] VssConnection created
[2025-04-25 09:31:51Z INFO Terminal] WRITE LINE: 
[2025-04-25 09:31:51Z INFO Terminal] WRITE LINE: 
[2025-04-25 09:31:51Z INFO RSAFileKeyManager] Loading RSA key parameters from file /home/ms/k8s-docker-autodeploy-github/actions-runner/.credentials_rsaparams
[2025-04-25 09:31:51Z INFO RSAFileKeyManager] Loading RSA key parameters from file /home/ms/k8s-docker-autodeploy-github/actions-runner/.credentials_rsaparams
[2025-04-25 09:31:52Z INFO GitHubActionsService] AAD Correlation ID for this token request: Unknown
[2025-04-25 09:31:52Z INFO MessageListener] Session created.
[2025-04-25 09:31:52Z INFO Terminal] WRITE LINE: Current runner version: '2.323.0'
[2025-04-25 09:31:52Z INFO Terminal] WRITE LINE: 2025-04-25 09:31:52Z: Listening for Jobs
[2025-04-25 09:31:52Z INFO JobDispatcher] Set runner/worker IPC timeout to 30 seconds.
[2025-04-25 09:31:52Z INFO RSAFileKeyManager] Loading RSA key parameters from file /home/ms/k8s-docker-autodeploy-github/actions-runner/.credentials_rsaparams
[2025-04-25 09:31:53Z INFO GitHubActionsService] AAD Correlation ID for this token request: Unknown
